<?xml version="1.0" encoding="UTF-8"?>
<testsuite name="mvcguidb.AppTest" tests="1" skipped="0" failures="0" errors="0" timestamp="2021-10-02T23:44:06" hostname="WHITEBOII" time="0.004">
  <properties/>
  <testcase name="testAppHasAGreeting" classname="mvcguidb.AppTest" time="0.004"/>
  <system-out><![CDATA[]]></system-out>
  <system-err><![CDATA[]]></system-err>
</testsuite>
